DEBUG:root:Order:2 3 10
DEBUG:root:Finish turn

DEBUG:root:Order:2 4 10
DEBUG:root:Finish turn

DEBUG:root:Order:2 19 15
DEBUG:root:Finish turn

DEBUG:root:Order:2 20 15
DEBUG:root:Order:2 4 37
DEBUG:root:Finish turn

DEBUG:root:Order:2 15 20
DEBUG:root:Bad order:4 3.0 8
DEBUG:root:Finish turn

DEBUG:root:Order:4 16 20
DEBUG:root:Order:2 4 3
DEBUG:root:Finish turn

DEBUG:root:Order:2 4 1
DEBUG:root:Finish turn

DEBUG:root:Order:4 0 26
DEBUG:root:Order:2 19 15
DEBUG:root:Order:2 4 7
DEBUG:root:Finish turn

DEBUG:root:Order:2 19 2
DEBUG:root:Order:2 4 1
DEBUG:root:Finish turn

DEBUG:root:Order:2 19 1
DEBUG:root:Order:2 4 2
DEBUG:root:Finish turn

DEBUG:root:Order:2 19 1
DEBUG:root:Finish turn

DEBUG:root:Order:2 15 10
DEBUG:root:Order:4 15 7
DEBUG:root:Order:19 15 4
DEBUG:root:Finish turn

DEBUG:root:Order:2 15 2
DEBUG:root:Order:2 19 1
DEBUG:root:Finish turn

DEBUG:root:Order:2 19 1
DEBUG:root:Order:2 4 2
DEBUG:root:Finish turn

DEBUG:root:Order:2 19 1
DEBUG:root:Finish turn

DEBUG:root:Order:2 19 2
DEBUG:root:Finish turn

DEBUG:root:Order:2 19 3
DEBUG:root:Order:2 4 1
DEBUG:root:Finish turn

DEBUG:root:Order:2 19 1
DEBUG:root:Order:2 4 1
DEBUG:root:Order:15 4 1
DEBUG:root:Finish turn

DEBUG:root:Order:2 19 1
DEBUG:root:Finish turn

DEBUG:root:Order:15 9 40
DEBUG:root:Order:2 15 12
DEBUG:root:Order:4 15 9
DEBUG:root:Order:19 15 6
DEBUG:root:Finish turn

DEBUG:root:Order:2 0 11
DEBUG:root:Order:4 0 8
DEBUG:root:Order:19 0 7
DEBUG:root:Order:15 0 6
DEBUG:root:Finish turn

DEBUG:root:Order:2 0 3
DEBUG:root:Order:15 0 1
DEBUG:root:Order:15 19 1
DEBUG:root:Finish turn

DEBUG:root:Order:2 0 2
DEBUG:root:Order:2 19 1
DEBUG:root:Finish turn

DEBUG:root:Order:2 0 1
DEBUG:root:Order:2 19 1
DEBUG:root:Order:2 4 2
DEBUG:root:Finish turn

DEBUG:root:Order:2 0 1
DEBUG:root:Order:2 19 1
DEBUG:root:Finish turn

DEBUG:root:Order:2 0 1
DEBUG:root:Order:15 0 1
DEBUG:root:Order:15 19 1
DEBUG:root:Finish turn

DEBUG:root:Order:2 19 3
DEBUG:root:Finish turn

DEBUG:root:Order:15 10 40
DEBUG:root:Order:2 15 12
DEBUG:root:Order:4 15 9
DEBUG:root:Order:19 15 8
DEBUG:root:Finish turn

DEBUG:root:Order:2 19 1
DEBUG:root:Order:2 4 2
DEBUG:root:Finish turn

DEBUG:root:Order:2 19 1
DEBUG:root:Finish turn

DEBUG:root:Order:2 19 12
DEBUG:root:Order:4 19 9
DEBUG:root:Order:15 19 9
DEBUG:root:Finish turn

DEBUG:root:Order:2 19 3
DEBUG:root:Order:15 19 1
DEBUG:root:Finish turn

DEBUG:root:Order:2 19 1
DEBUG:root:Order:2 4 2
DEBUG:root:Finish turn

DEBUG:root:Order:2 19 1
DEBUG:root:Finish turn

DEBUG:root:Order:2 9 15
DEBUG:root:Order:15 9 13
DEBUG:root:Order:4 9 12
DEBUG:root:Order:19 9 9
DEBUG:root:Finish turn

DEBUG:root:Order:19 5 46
DEBUG:root:Order:2 19 14
DEBUG:root:Order:15 19 12
DEBUG:root:Order:4 19 9
DEBUG:root:Order:4 0 8
DEBUG:root:Finish turn

DEBUG:root:Bad order:9 5.0 6
DEBUG:root:Order:9 0 2
DEBUG:root:Order:9 19 2
DEBUG:root:Finish turn

DEBUG:root:Order:2 4 5
DEBUG:root:Order:9 4 1
DEBUG:root:Order:9 0 1
DEBUG:root:Order:9 19 1
DEBUG:root:Finish turn

DEBUG:root:Order:2 0 1
DEBUG:root:Order:2 9 1
DEBUG:root:Order:2 19 1
DEBUG:root:Order:2 4 3
DEBUG:root:Order:15 4 2
DEBUG:root:Finish turn

DEBUG:root:Order:4 0 2
DEBUG:root:Order:4 19 2
DEBUG:root:Order:4 9 1
DEBUG:root:Finish turn

DEBUG:root:Order:2 0 1
DEBUG:root:Order:2 4 1
DEBUG:root:Order:2 19 1
DEBUG:root:Order:2 9 2
DEBUG:root:Order:15 9 1
DEBUG:root:Finish turn

DEBUG:root:Order:15 0 1
DEBUG:root:Order:15 19 1
DEBUG:root:Order:15 4 1
DEBUG:root:Finish turn

DEBUG:root:Order:2 0 1
DEBUG:root:Order:2 19 1
DEBUG:root:Order:2 15 3
DEBUG:root:Finish turn

DEBUG:root:Order:15 5 14
DEBUG:root:Order:2 5 12
DEBUG:root:Order:4 5 11
DEBUG:root:Order:0 5 9
DEBUG:root:Order:19 5 9
DEBUG:root:Finish turn

DEBUG:root:Order:2 0 1
DEBUG:root:Order:2 19 1
DEBUG:root:Order:2 4 2
DEBUG:root:Finish turn

DEBUG:root:Order:5 0 1
DEBUG:root:Finish turn

DEBUG:root:Order:2 19 2
DEBUG:root:Order:5 19 2
DEBUG:root:Order:5 4 2
DEBUG:root:Finish turn

DEBUG:root:Order:19 11 54
DEBUG:root:Order:2 19 13
DEBUG:root:Order:4 19 11
DEBUG:root:Order:5 19 11
DEBUG:root:Order:15 19 11
DEBUG:root:Finish turn

DEBUG:root:Order:2 0 4
DEBUG:root:Order:5 0 4
DEBUG:root:Order:15 0 2
DEBUG:root:Order:4 0 1
DEBUG:root:Finish turn

DEBUG:root:Order:2 11 13
DEBUG:root:Order:5 11 13
DEBUG:root:Order:15 11 11
DEBUG:root:Order:4 11 10
DEBUG:root:Bad order:19 5.0 9
DEBUG:root:Order:0 11 5
DEBUG:root:Finish turn

DEBUG:root:Order:2 11 3
DEBUG:root:Order:5 11 2
DEBUG:root:Order:5 9 3
DEBUG:root:Order:15 9 1
DEBUG:root:Order:15 0 1
DEBUG:root:Finish turn

DEBUG:root:Order:2 4 10
DEBUG:root:Order:5 4 8
DEBUG:root:Order:11 4 8
DEBUG:root:Order:15 4 7
DEBUG:root:Order:0 4 6
DEBUG:root:Order:9 4 6
DEBUG:root:Finish turn

DEBUG:root:Bad order:19 2.0 3
DEBUG:root:Order:19 0 2
DEBUG:root:Bad order:19 0.0 1
DEBUG:root:Bad order:19 0.0 4
DEBUG:root:Order:2 15 1
DEBUG:root:Order:5 15 1
DEBUG:root:Finish turn

DEBUG:root:Order:2 4 2
DEBUG:root:Order:5 4 2
DEBUG:root:Order:5 0 2
DEBUG:root:Order:5 9 2
DEBUG:root:Finish turn

DEBUG:root:Order:2 0 2
DEBUG:root:Order:2 4 1
DEBUG:root:Order:2 5 1
DEBUG:root:Order:2 9 1
DEBUG:root:Order:2 19 1
DEBUG:root:Finish turn

DEBUG:root:Order:11 0 2
DEBUG:root:Order:11 19 2
DEBUG:root:Order:11 2 1
DEBUG:root:Order:11 4 1
DEBUG:root:Order:11 9 1
DEBUG:root:Finish turn

DEBUG:root:Order:11 13 62
DEBUG:root:Order:5 11 11
DEBUG:root:Order:2 11 9
DEBUG:root:Order:15 11 9
DEBUG:root:Order:4 11 6
DEBUG:root:Order:9 11 6
DEBUG:root:Bad order:0 3.0 5
DEBUG:root:Order:19 11 5
DEBUG:root:Finish turn

DEBUG:root:Order:2 11 3
DEBUG:root:Order:5 11 3
DEBUG:root:Order:15 11 1
DEBUG:root:Finish turn

DEBUG:root:Order:2 19 2
DEBUG:root:Order:2 4 2
DEBUG:root:Order:5 4 2
DEBUG:root:Finish turn

DEBUG:root:Order:4 19 2
DEBUG:root:Order:4 9 1
DEBUG:root:Finish turn

DEBUG:root:Order:4 14 62
DEBUG:root:Order:5 4 12
DEBUG:root:Order:2 4 10
DEBUG:root:Order:11 4 9
DEBUG:root:Order:15 4 8
DEBUG:root:Order:9 4 6
DEBUG:root:Order:19 4 5
DEBUG:root:Finish turn

DEBUG:root:Order:2 4 2
DEBUG:root:Order:5 4 2
DEBUG:root:Order:11 4 1
DEBUG:root:Finish turn

DEBUG:root:Order:2 0 4
DEBUG:root:Order:5 0 4
DEBUG:root:Order:11 0 2
DEBUG:root:Order:11 19 2
DEBUG:root:Order:11 4 1
DEBUG:root:Finish turn

DEBUG:root:Order:11 8 64
DEBUG:root:Order:2 11 10
DEBUG:root:Order:5 11 10
DEBUG:root:Order:15 11 10
DEBUG:root:Order:4 11 7
DEBUG:root:Order:9 11 7
DEBUG:root:Order:0 11 6
DEBUG:root:Order:19 11 6
DEBUG:root:Finish turn

DEBUG:root:Order:2 0 1
DEBUG:root:Order:2 19 1
DEBUG:root:Order:2 4 2
DEBUG:root:Order:5 4 2
DEBUG:root:Finish turn

DEBUG:root:Order:4 0 2
DEBUG:root:Order:4 19 2
DEBUG:root:Order:4 9 1
DEBUG:root:Finish turn

DEBUG:root:Order:5 4 3
DEBUG:root:Order:5 0 2
DEBUG:root:Order:5 19 2
DEBUG:root:Order:5 9 1
DEBUG:root:Finish turn

DEBUG:root:Order:2 9 14
DEBUG:root:Order:15 9 10
DEBUG:root:Order:4 9 8
DEBUG:root:Order:5 9 8
DEBUG:root:Order:0 9 7
DEBUG:root:Order:19 9 7
DEBUG:root:Finish turn

DEBUG:root:Order:2 0 1
DEBUG:root:Order:2 19 1
DEBUG:root:Order:2 4 2
DEBUG:root:Order:5 4 2
DEBUG:root:Finish turn

DEBUG:root:Order:4 17 69
DEBUG:root:Order:5 4 12
DEBUG:root:Order:2 4 10
DEBUG:root:Order:15 4 10
DEBUG:root:Order:9 4 8
DEBUG:root:Order:0 4 7
DEBUG:root:Order:19 4 7
DEBUG:root:Finish turn

DEBUG:root:Order:2 14 4
DEBUG:root:Order:5 14 4
DEBUG:root:Order:15 14 2
DEBUG:root:Order:9 14 1
DEBUG:root:Finish turn

DEBUG:root:Order:2 8 16
DEBUG:root:Order:5 8 16
DEBUG:root:Order:15 8 14
DEBUG:root:Order:9 8 13
DEBUG:root:Order:14 8 5
DEBUG:root:Order:14 19 12
DEBUG:root:Order:4 19 5
DEBUG:root:Finish turn

DEBUG:root:Order:2 14 3
DEBUG:root:Order:2 8 2
DEBUG:root:Order:2 19 2
DEBUG:root:Finish turn

DEBUG:root:Order:5 2 2
DEBUG:root:Order:5 19 2
DEBUG:root:Order:5 9 1
DEBUG:root:Finish turn

DEBUG:root:Order:2 19 1
DEBUG:root:Order:5 19 1
DEBUG:root:Order:5 9 1
DEBUG:root:Finish turn

DEBUG:root:Order:2 19 2
DEBUG:root:Order:14 19 1
DEBUG:root:Order:14 9 2
DEBUG:root:Finish turn

DEBUG:root:Order:5 19 2
DEBUG:root:Order:5 9 1
DEBUG:root:Order:5 14 2
DEBUG:root:Order:2 14 1
DEBUG:root:Finish turn

DEBUG:root:Order:14 0 5
DEBUG:root:Order:2 0 4
DEBUG:root:Order:5 0 1
DEBUG:root:Order:15 0 1
DEBUG:root:Finish turn

DEBUG:root:Order:2 0 2
DEBUG:root:Order:5 0 2
DEBUG:root:Order:5 19 2
DEBUG:root:Order:5 9 2
DEBUG:root:Order:14 9 1
DEBUG:root:Finish turn

DEBUG:root:Order:2 0 2
DEBUG:root:Order:2 19 2
DEBUG:root:Order:2 5 1
DEBUG:root:Finish turn

DEBUG:root:Order:14 17 14
DEBUG:root:Order:5 17 13
DEBUG:root:Order:9 17 12
DEBUG:root:Order:15 17 12
DEBUG:root:Order:2 17 11
DEBUG:root:Bad order:0 8.0 9
DEBUG:root:Order:19 17 9
DEBUG:root:Finish turn

DEBUG:root:Order:0 19 3
DEBUG:root:Order:0 9 2
DEBUG:root:Order:0 15 1
DEBUG:root:Order:0 14 5
DEBUG:root:Finish turn

DEBUG:root:Order:9 21 76
DEBUG:root:Order:14 9 21
DEBUG:root:Order:5 9 18
DEBUG:root:Order:15 9 15
DEBUG:root:Order:19 9 7
DEBUG:root:Order:19 2 13
DEBUG:root:Bad order:0 2.0 5
DEBUG:root:Finish turn

DEBUG:root:Bad order:0 0.0 6
DEBUG:root:Order:5 19 2
DEBUG:root:Order:14 19 1
DEBUG:root:Finish turn

DEBUG:root:Order:5 14 14
DEBUG:root:Bad order:0 6.0 13
DEBUG:root:Order:15 14 12
DEBUG:root:Bad order:9 8.0 9
DEBUG:root:Order:19 14 4
DEBUG:root:Finish turn

DEBUG:root:Bad order:0 4.0 12
DEBUG:root:Order:9 14 9
DEBUG:root:Order:5 14 3
DEBUG:root:Order:15 14 1
DEBUG:root:Finish turn

DEBUG:root:Bad order:0 5.0 16
DEBUG:root:Bad order:5 9.0 15
DEBUG:root:Bad order:9 5.0 12
DEBUG:root:Order:19 15 10
DEBUG:root:Order:14 15 3
DEBUG:root:Finish turn

DEBUG:root:Bad order:5 14.0 24
DEBUG:root:Order:14 15 8
DEBUG:root:Order:19 15 5
DEBUG:root:Finish turn

DEBUG:root:Bad order:5 19.0 25
DEBUG:root:Order:5 19 2
DEBUG:root:Finish turn

DEBUG:root:Bad order:5 22.0 25
DEBUG:root:Order:14 15 1
DEBUG:root:Finish turn

DEBUG:root:Order:5 15 26
DEBUG:root:Finish turn

DEBUG:root:Order:5 15 1
DEBUG:root:Finish turn

DEBUG:root:Order:5 0 2
DEBUG:root:Order:14 0 1
DEBUG:root:Finish turn

DEBUG:root:Order:5 0 2
DEBUG:root:Order:14 0 1
DEBUG:root:Finish turn

DEBUG:root:Order:5 0 2
DEBUG:root:Order:14 0 1
DEBUG:root:Finish turn

DEBUG:root:Order:14 5 15
DEBUG:root:Order:15 5 14
DEBUG:root:Order:0 5 4
DEBUG:root:Finish turn

DEBUG:root:Order:14 5 1
DEBUG:root:Finish turn

DEBUG:root:Order:5 15 1
DEBUG:root:Finish turn

DEBUG:root:Order:5 15 1
DEBUG:root:Finish turn

DEBUG:root:Order:5 15 1
DEBUG:root:Finish turn

DEBUG:root:Order:5 14 15
DEBUG:root:Order:15 14 13
DEBUG:root:Finish turn

DEBUG:root:Finish turn

DEBUG:root:Finish turn

DEBUG:root:Order:14 15 1
DEBUG:root:Finish turn

DEBUG:root:Finish turn

DEBUG:root:Finish turn

DEBUG:root:Finish turn

DEBUG:root:Finish turn

DEBUG:root:Finish turn

DEBUG:root:Finish turn

DEBUG:root:Finish turn

DEBUG:root:Finish turn

DEBUG:root:Finish turn

DEBUG:root:Finish turn

DEBUG:root:Finish turn

DEBUG:root:Finish turn

DEBUG:root:Finish turn

DEBUG:root:Finish turn

DEBUG:root:Finish turn

DEBUG:root:Finish turn

